0 info it worked if it ends with ok
1 verbose cli [ '/home/yassin/.nvm/versions/node/v6.2.1/bin/node',
1 verbose cli   '/home/yassin/.nvm/versions/node/v6.2.1/bin/npm',
1 verbose cli   'i',
1 verbose cli   '--save',
1 verbose cli   'lodash' ]
2 info using npm@3.9.3
3 info using node@v6.2.1
4 silly loadCurrentTree Starting
5 silly install loadCurrentTree
6 silly install readLocalPackageData
7 silly fetchPackageMetaData lodash
8 silly fetchNamedPackageData lodash
9 silly mapToRegistry name lodash
10 silly mapToRegistry using default registry
11 silly mapToRegistry registry https://registry.npmjs.org/
12 silly mapToRegistry data Result {
12 silly mapToRegistry   raw: 'lodash',
12 silly mapToRegistry   scope: null,
12 silly mapToRegistry   name: 'lodash',
12 silly mapToRegistry   rawSpec: '',
12 silly mapToRegistry   spec: 'latest',
12 silly mapToRegistry   type: 'tag' }
13 silly mapToRegistry uri https://registry.npmjs.org/lodash
14 verbose request uri https://registry.npmjs.org/lodash
15 verbose request no auth needed
16 info attempt registry request try #1 at 3:30:22 PM
17 verbose request id c6291102607df4c8
18 verbose etag "1RJHIFE95CPI2LS6ZDFHJGED1"
19 http request GET https://registry.npmjs.org/lodash
20 http 200 https://registry.npmjs.org/lodash
21 verbose headers { server: 'CouchDB/1.5.0 (Erlang OTP/R16B03)',
21 verbose headers   etag: '"RU0JWYYJ59BBOJK387QKI23N"',
21 verbose headers   'content-type': 'application/json',
21 verbose headers   'content-encoding': 'gzip',
21 verbose headers   'cache-control': 'max-age=300',
21 verbose headers   'content-length': '17532',
21 verbose headers   'accept-ranges': 'bytes',
21 verbose headers   date: 'Tue, 21 Jun 2016 13:30:29 GMT',
21 verbose headers   via: '1.1 varnish',
21 verbose headers   age: '124',
21 verbose headers   connection: 'keep-alive',
21 verbose headers   'x-served-by': 'cache-fra1243-FRA',
21 verbose headers   'x-cache': 'HIT',
21 verbose headers   'x-cache-hits': '27',
21 verbose headers   'x-timer': 'S1466515829.402899,VS0,VE0',
21 verbose headers   vary: 'Accept-Encoding' }
22 silly get cb [ 200,
22 silly get   { server: 'CouchDB/1.5.0 (Erlang OTP/R16B03)',
22 silly get     etag: '"RU0JWYYJ59BBOJK387QKI23N"',
22 silly get     'content-type': 'application/json',
22 silly get     'content-encoding': 'gzip',
22 silly get     'cache-control': 'max-age=300',
22 silly get     'content-length': '17532',
22 silly get     'accept-ranges': 'bytes',
22 silly get     date: 'Tue, 21 Jun 2016 13:30:29 GMT',
22 silly get     via: '1.1 varnish',
22 silly get     age: '124',
22 silly get     connection: 'keep-alive',
22 silly get     'x-served-by': 'cache-fra1243-FRA',
22 silly get     'x-cache': 'HIT',
22 silly get     'x-cache-hits': '27',
22 silly get     'x-timer': 'S1466515829.402899,VS0,VE0',
22 silly get     vary: 'Accept-Encoding' } ]
23 verbose get saving lodash to /home/yassin/.npm/registry.npmjs.org/lodash/.cache.json
24 verbose correctMkdir /home/yassin/.npm correctMkdir not in flight; initializing
25 silly install normalizeTree
26 silly loadCurrentTree Finishing
27 silly loadIdealTree Starting
28 silly install loadIdealTree
29 silly cloneCurrentTree Starting
30 silly install cloneCurrentTreeToIdealTree
31 silly cloneCurrentTree Finishing
32 silly loadShrinkwrap Starting
33 silly install loadShrinkwrap
34 silly loadShrinkwrap Finishing
35 silly loadAllDepsIntoIdealTree Starting
36 silly install loadAllDepsIntoIdealTree
37 silly resolveWithNewModule lodash@4.13.1 checking installable status
38 silly cache add args [ 'lodash', null ]
39 verbose cache add spec lodash
40 silly cache add parsed spec Result {
40 silly cache add   raw: 'lodash',
40 silly cache add   scope: null,
40 silly cache add   name: 'lodash',
40 silly cache add   rawSpec: '',
40 silly cache add   spec: 'latest',
40 silly cache add   type: 'tag' }
41 silly addNamed lodash@latest
42 verbose addNamed "latest" is being treated as a dist-tag for lodash
43 info addNameTag [ 'lodash', 'latest' ]
44 silly mapToRegistry name lodash
45 silly mapToRegistry using default registry
46 silly mapToRegistry registry https://registry.npmjs.org/
47 silly mapToRegistry data Result {
47 silly mapToRegistry   raw: 'lodash',
47 silly mapToRegistry   scope: null,
47 silly mapToRegistry   name: 'lodash',
47 silly mapToRegistry   rawSpec: '',
47 silly mapToRegistry   spec: 'latest',
47 silly mapToRegistry   type: 'tag' }
48 silly mapToRegistry uri https://registry.npmjs.org/lodash
49 verbose addNameTag registry:https://registry.npmjs.org/lodash not in flight; fetching
50 verbose get https://registry.npmjs.org/lodash not expired, no request
51 silly addNameTag next cb for lodash with tag latest
52 silly addNamed lodash@4.13.1
53 verbose addNamed "4.13.1" is a plain semver version for lodash
54 silly cache afterAdd lodash@4.13.1
55 verbose afterAdd /home/yassin/.npm/lodash/4.13.1/package/package.json not in flight; writing
56 verbose correctMkdir /home/yassin/.npm correctMkdir not in flight; initializing
57 verbose afterAdd /home/yassin/.npm/lodash/4.13.1/package/package.json written
58 silly fetchNamedPackageData fsevents
59 silly mapToRegistry name fsevents
60 silly mapToRegistry using default registry
61 silly mapToRegistry registry https://registry.npmjs.org/
62 silly mapToRegistry data Result {
62 silly mapToRegistry   raw: 'fsevents',
62 silly mapToRegistry   scope: null,
62 silly mapToRegistry   name: 'fsevents',
62 silly mapToRegistry   rawSpec: '',
62 silly mapToRegistry   spec: 'latest',
62 silly mapToRegistry   type: 'tag' }
63 silly mapToRegistry uri https://registry.npmjs.org/fsevents
64 verbose request uri https://registry.npmjs.org/fsevents
65 verbose request no auth needed
66 info attempt registry request try #1 at 3:30:30 PM
67 verbose etag "6WG2IHJ3R1KBCEVEQH5157IQJ"
68 http request GET https://registry.npmjs.org/fsevents
69 http 304 https://registry.npmjs.org/fsevents
70 verbose headers { date: 'Tue, 21 Jun 2016 13:30:30 GMT',
70 verbose headers   via: '1.1 varnish',
70 verbose headers   'cache-control': 'max-age=300',
70 verbose headers   etag: '"6WG2IHJ3R1KBCEVEQH5157IQJ"',
70 verbose headers   age: '178',
70 verbose headers   connection: 'keep-alive',
70 verbose headers   'x-served-by': 'cache-fra1243-FRA',
70 verbose headers   'x-cache': 'HIT',
70 verbose headers   'x-cache-hits': '18',
70 verbose headers   'x-timer': 'S1466515830.202690,VS0,VE0',
70 verbose headers   vary: 'Accept-Encoding' }
71 silly get cb [ 304,
71 silly get   { date: 'Tue, 21 Jun 2016 13:30:30 GMT',
71 silly get     via: '1.1 varnish',
71 silly get     'cache-control': 'max-age=300',
71 silly get     etag: '"6WG2IHJ3R1KBCEVEQH5157IQJ"',
71 silly get     age: '178',
71 silly get     connection: 'keep-alive',
71 silly get     'x-served-by': 'cache-fra1243-FRA',
71 silly get     'x-cache': 'HIT',
71 silly get     'x-cache-hits': '18',
71 silly get     'x-timer': 'S1466515830.202690,VS0,VE0',
71 silly get     vary: 'Accept-Encoding' } ]
72 verbose etag https://registry.npmjs.org/fsevents from cache
73 verbose get saving fsevents to /home/yassin/.npm/registry.npmjs.org/fsevents/.cache.json
74 verbose correctMkdir /home/yassin/.npm correctMkdir not in flight; initializing
75 silly resolveWithNewModule fsevents@1.0.12 checking installable status
76 silly loadAllDepsIntoIdealTree Finishing
77 silly idealTree:prePrune @1.0.0
77 silly idealTree:prePrune ├── accepts@1.3.3
77 silly idealTree:prePrune ├── acorn@3.2.0
77 silly idealTree:prePrune ├── align-text@0.1.4
77 silly idealTree:prePrune ├── amdefine@1.0.0
77 silly idealTree:prePrune ├── ansi-regex@2.0.0
77 silly idealTree:prePrune ├── ansi-styles@2.2.1
77 silly idealTree:prePrune ├── anymatch@1.3.0
77 silly idealTree:prePrune ├── arr-diff@2.0.0
77 silly idealTree:prePrune ├── arr-flatten@1.0.1
77 silly idealTree:prePrune ├── array-flatten@1.1.1
77 silly idealTree:prePrune ├── array-unique@0.2.1
77 silly idealTree:prePrune ├── arrify@1.0.1
77 silly idealTree:prePrune ├── asap@2.0.4
77 silly idealTree:prePrune ├── assert@1.4.1
77 silly idealTree:prePrune ├── assets-webpack-plugin@3.4.0
77 silly idealTree:prePrune ├── async-each@1.0.0
77 silly idealTree:prePrune ├── async@0.2.10
77 silly idealTree:prePrune ├── axios@0.12.0
77 silly idealTree:prePrune ├─┬ babel-code-frame@6.8.0
77 silly idealTree:prePrune │ ├── babel-runtime@6.9.2
77 silly idealTree:prePrune │ └── core-js@2.4.0
77 silly idealTree:prePrune ├─┬ babel-core@6.9.1
77 silly idealTree:prePrune │ ├── babel-runtime@6.9.2
77 silly idealTree:prePrune │ ├── core-js@2.4.0
77 silly idealTree:prePrune │ └── minimatch@2.0.10
77 silly idealTree:prePrune ├─┬ babel-generator@6.10.0
77 silly idealTree:prePrune │ ├── babel-runtime@6.9.2
77 silly idealTree:prePrune │ └── core-js@2.4.0
77 silly idealTree:prePrune ├─┬ babel-helper-builder-react-jsx@6.9.0
77 silly idealTree:prePrune │ ├── babel-runtime@6.9.2
77 silly idealTree:prePrune │ └── core-js@2.4.0
77 silly idealTree:prePrune ├─┬ babel-helpers@6.8.0
77 silly idealTree:prePrune │ ├── babel-runtime@6.9.2
77 silly idealTree:prePrune │ └── core-js@2.4.0
77 silly idealTree:prePrune ├── babel-loader@6.2.4
77 silly idealTree:prePrune ├─┬ babel-messages@6.8.0
77 silly idealTree:prePrune │ ├── babel-runtime@6.9.2
77 silly idealTree:prePrune │ └── core-js@2.4.0
77 silly idealTree:prePrune ├─┬ babel-plugin-syntax-flow@6.8.0
77 silly idealTree:prePrune │ ├── babel-runtime@6.9.2
77 silly idealTree:prePrune │ └── core-js@2.4.0
77 silly idealTree:prePrune ├─┬ babel-plugin-syntax-jsx@6.8.0
77 silly idealTree:prePrune │ ├── babel-runtime@6.9.2
77 silly idealTree:prePrune │ └── core-js@2.4.0
77 silly idealTree:prePrune ├─┬ babel-plugin-transform-flow-strip-types@6.8.0
77 silly idealTree:prePrune │ ├── babel-runtime@6.9.2
77 silly idealTree:prePrune │ └── core-js@2.4.0
77 silly idealTree:prePrune ├─┬ babel-plugin-transform-react-display-name@6.8.0
77 silly idealTree:prePrune │ ├── babel-runtime@6.9.2
77 silly idealTree:prePrune │ └── core-js@2.4.0
77 silly idealTree:prePrune ├─┬ babel-plugin-transform-react-jsx-source@6.9.0
77 silly idealTree:prePrune │ ├── babel-runtime@6.9.2
77 silly idealTree:prePrune │ └── core-js@2.4.0
77 silly idealTree:prePrune ├─┬ babel-plugin-transform-react-jsx@6.8.0
77 silly idealTree:prePrune │ ├── babel-runtime@6.9.2
77 silly idealTree:prePrune │ └── core-js@2.4.0
77 silly idealTree:prePrune ├── babel-preset-react@6.5.0
77 silly idealTree:prePrune ├─┬ babel-register@6.9.0
77 silly idealTree:prePrune │ ├── babel-runtime@6.9.2
77 silly idealTree:prePrune │ └── core-js@2.4.0
77 silly idealTree:prePrune ├── babel-runtime@5.8.38
77 silly idealTree:prePrune ├─┬ babel-template@6.9.0
77 silly idealTree:prePrune │ ├── babel-runtime@6.9.2
77 silly idealTree:prePrune │ └── core-js@2.4.0
77 silly idealTree:prePrune ├─┬ babel-traverse@6.9.0
77 silly idealTree:prePrune │ ├── babel-runtime@6.9.2
77 silly idealTree:prePrune │ └── core-js@2.4.0
77 silly idealTree:prePrune ├─┬ babel-types@6.10.0
77 silly idealTree:prePrune │ ├── babel-runtime@6.9.2
77 silly idealTree:prePrune │ └── core-js@2.4.0
77 silly idealTree:prePrune ├─┬ babylon@6.8.1
77 silly idealTree:prePrune │ ├── babel-runtime@6.9.2
77 silly idealTree:prePrune │ └── core-js@2.4.0
77 silly idealTree:prePrune ├── balanced-match@0.4.1
77 silly idealTree:prePrune ├── base64-js@0.0.8
77 silly idealTree:prePrune ├── Base64@0.2.1
77 silly idealTree:prePrune ├── batch@0.5.3
77 silly idealTree:prePrune ├── big.js@3.1.3
77 silly idealTree:prePrune ├── binary-extensions@1.4.1
77 silly idealTree:prePrune ├── block-stream@0.0.9
77 silly idealTree:prePrune ├── bluebird@3.4.0
77 silly idealTree:prePrune ├── boolbase@1.0.0
77 silly idealTree:prePrune ├── brace-expansion@1.1.5
77 silly idealTree:prePrune ├── braces@1.8.5
77 silly idealTree:prePrune ├── browserify-zlib@0.1.4
77 silly idealTree:prePrune ├── buffer-shims@1.0.0
77 silly idealTree:prePrune ├─┬ buffer@3.6.0
77 silly idealTree:prePrune │ └── isarray@1.0.0
77 silly idealTree:prePrune ├── bytes@2.3.0
77 silly idealTree:prePrune ├── camel-case@1.2.2
77 silly idealTree:prePrune ├── camelcase@1.2.1
77 silly idealTree:prePrune ├── center-align@0.1.3
77 silly idealTree:prePrune ├── chalk@1.1.3
77 silly idealTree:prePrune ├── change-case@2.3.1
77 silly idealTree:prePrune ├── chokidar@1.5.2
77 silly idealTree:prePrune ├── classnames@2.2.5
77 silly idealTree:prePrune ├─┬ clean-css@3.4.18
77 silly idealTree:prePrune │ ├── commander@2.8.1
77 silly idealTree:prePrune │ └── source-map@0.4.4
77 silly idealTree:prePrune ├── cliui@2.1.0
77 silly idealTree:prePrune ├── clone@1.0.2
77 silly idealTree:prePrune ├── commander@2.9.0
77 silly idealTree:prePrune ├── compressible@2.0.8
77 silly idealTree:prePrune ├── compression@1.6.2
77 silly idealTree:prePrune ├── concat-map@0.0.1
77 silly idealTree:prePrune ├── connect-history-api-fallback@1.1.0
77 silly idealTree:prePrune ├── console-browserify@1.1.0
77 silly idealTree:prePrune ├── constant-case@1.1.2
77 silly idealTree:prePrune ├── constants-browserify@0.0.1
77 silly idealTree:prePrune ├── content-disposition@0.5.1
77 silly idealTree:prePrune ├── content-type@1.0.2
77 silly idealTree:prePrune ├── convert-source-map@1.2.0
77 silly idealTree:prePrune ├── cookie-signature@1.0.6
77 silly idealTree:prePrune ├── cookie@0.1.5
77 silly idealTree:prePrune ├── core-js@1.2.6
77 silly idealTree:prePrune ├── core-util-is@1.0.2
77 silly idealTree:prePrune ├── crypto-browserify@3.2.8
77 silly idealTree:prePrune ├── css-select@1.2.0
77 silly idealTree:prePrune ├── css-what@2.1.0
77 silly idealTree:prePrune ├── date-now@0.1.4
77 silly idealTree:prePrune ├── debug@2.2.0
77 silly idealTree:prePrune ├── decamelize@1.2.0
77 silly idealTree:prePrune ├── deep-equal@1.0.1
77 silly idealTree:prePrune ├── depd@1.1.0
77 silly idealTree:prePrune ├── destroy@1.0.4
77 silly idealTree:prePrune ├─┬ detect-indent@3.0.1
77 silly idealTree:prePrune │ └── minimist@1.2.0
77 silly idealTree:prePrune ├─┬ dom-converter@0.1.4
77 silly idealTree:prePrune │ └── utila@0.3.3
77 silly idealTree:prePrune ├── dom-helpers@2.4.0
77 silly idealTree:prePrune ├─┬ dom-serializer@0.1.0
77 silly idealTree:prePrune │ └── domelementtype@1.1.3
77 silly idealTree:prePrune ├── domain-browser@1.1.7
77 silly idealTree:prePrune ├── domelementtype@1.3.0
77 silly idealTree:prePrune ├── domhandler@2.1.0
77 silly idealTree:prePrune ├── domutils@1.5.1
77 silly idealTree:prePrune ├── dot-case@1.1.2
77 silly idealTree:prePrune ├── ee-first@1.1.1
77 silly idealTree:prePrune ├── emojis-list@2.0.1
77 silly idealTree:prePrune ├── encoding@0.1.12
77 silly idealTree:prePrune ├─┬ enhanced-resolve@0.9.1
77 silly idealTree:prePrune │ ├── graceful-fs@4.1.4
77 silly idealTree:prePrune │ └── memory-fs@0.2.0
77 silly idealTree:prePrune ├── entities@1.1.1
77 silly idealTree:prePrune ├── errno@0.1.4
77 silly idealTree:prePrune ├── escape-html@1.0.3
77 silly idealTree:prePrune ├── escape-string-regexp@1.0.5
77 silly idealTree:prePrune ├── esutils@2.0.2
77 silly idealTree:prePrune ├── etag@1.7.0
77 silly idealTree:prePrune ├── eventemitter3@1.2.0
77 silly idealTree:prePrune ├── events@1.1.0
77 silly idealTree:prePrune ├── eventsource@0.1.6
77 silly idealTree:prePrune ├── expand-brackets@0.1.5
77 silly idealTree:prePrune ├── expand-range@1.8.2
77 silly idealTree:prePrune ├─┬ express@4.13.4
77 silly idealTree:prePrune │ ├── accepts@1.2.13
77 silly idealTree:prePrune │ ├── negotiator@0.5.3
77 silly idealTree:prePrune │ └── vary@1.0.1
77 silly idealTree:prePrune ├── extglob@0.3.2
77 silly idealTree:prePrune ├── faye-websocket@0.10.0
77 silly idealTree:prePrune ├── fbjs@0.8.3
77 silly idealTree:prePrune ├── file-loader@0.8.5
77 silly idealTree:prePrune ├── filename-regex@2.0.0
77 silly idealTree:prePrune ├── fill-range@2.2.3
77 silly idealTree:prePrune ├── finalhandler@0.4.1
77 silly idealTree:prePrune ├── follow-redirects@0.0.7
77 silly idealTree:prePrune ├── for-in@0.1.5
77 silly idealTree:prePrune ├── for-own@0.1.4
77 silly idealTree:prePrune ├── forwarded@0.1.0
77 silly idealTree:prePrune ├── fresh@0.3.0
77 silly idealTree:prePrune ├── fstream@0.1.31
77 silly idealTree:prePrune ├── get-stdin@4.0.1
77 silly idealTree:prePrune ├── glob-base@0.3.0
77 silly idealTree:prePrune ├── glob-parent@2.0.0
77 silly idealTree:prePrune ├── glob@7.0.3
77 silly idealTree:prePrune ├── globals@8.18.0
77 silly idealTree:prePrune ├── graceful-fs@3.0.8
77 silly idealTree:prePrune ├── graceful-readlink@1.0.1
77 silly idealTree:prePrune ├── hammerjs@2.0.8
77 silly idealTree:prePrune ├── has-ansi@2.0.0
77 silly idealTree:prePrune ├── has-flag@1.0.0
77 silly idealTree:prePrune ├── he@1.1.0
77 silly idealTree:prePrune ├── history@2.1.2
77 silly idealTree:prePrune ├── hoist-non-react-statics@1.1.0
77 silly idealTree:prePrune ├── home-or-tmp@1.0.0
77 silly idealTree:prePrune ├── html-minifier@2.1.3
77 silly idealTree:prePrune ├── html-webpack-plugin@2.21.0
77 silly idealTree:prePrune ├─┬ htmlparser2@3.3.0
77 silly idealTree:prePrune │ └── domutils@1.1.6
77 silly idealTree:prePrune ├── http-browserify@1.7.0
77 silly idealTree:prePrune ├── http-errors@1.3.1
77 silly idealTree:prePrune ├── http-proxy@1.14.0
77 silly idealTree:prePrune ├── https-browserify@0.0.0
77 silly idealTree:prePrune ├── iconv-lite@0.4.13
77 silly idealTree:prePrune ├── ieee754@1.1.6
77 silly idealTree:prePrune ├── immutable@3.8.1
77 silly idealTree:prePrune ├── indexof@0.0.1
77 silly idealTree:prePrune ├── inflight@1.0.5
77 silly idealTree:prePrune ├── inherits@2.0.1
77 silly idealTree:prePrune ├── interpret@0.6.6
77 silly idealTree:prePrune ├── invariant@2.2.1
77 silly idealTree:prePrune ├── ipaddr.js@1.0.5
77 silly idealTree:prePrune ├── is-binary-path@1.0.1
77 silly idealTree:prePrune ├── is-buffer@1.1.3
77 silly idealTree:prePrune ├── is-dotfile@1.0.2
77 silly idealTree:prePrune ├── is-equal-shallow@0.1.3
77 silly idealTree:prePrune ├── is-extendable@0.1.1
77 silly idealTree:prePrune ├── is-extglob@1.0.0
77 silly idealTree:prePrune ├── is-finite@1.0.1
77 silly idealTree:prePrune ├── is-glob@2.0.1
77 silly idealTree:prePrune ├── is-lower-case@1.1.3
77 silly idealTree:prePrune ├── is-number@2.1.0
77 silly idealTree:prePrune ├── is-posix-bracket@0.1.1
77 silly idealTree:prePrune ├── is-primitive@2.0.0
77 silly idealTree:prePrune ├── is-stream@1.1.0
77 silly idealTree:prePrune ├── is-upper-case@1.1.2
77 silly idealTree:prePrune ├── isarray@0.0.1
77 silly idealTree:prePrune ├─┬ isobject@2.1.0
77 silly idealTree:prePrune │ └── isarray@1.0.0
77 silly idealTree:prePrune ├── isomorphic-fetch@2.2.1
77 silly idealTree:prePrune ├── jquery@3.0.0
77 silly idealTree:prePrune ├── js-tokens@1.0.3
77 silly idealTree:prePrune ├── json3@3.3.2
77 silly idealTree:prePrune ├── json5@0.4.0
77 silly idealTree:prePrune ├── keycode@2.1.2
77 silly idealTree:prePrune ├── kind-of@3.0.3
77 silly idealTree:prePrune ├── lazy-cache@1.0.4
77 silly idealTree:prePrune ├─┬ loader-utils@0.2.15
77 silly idealTree:prePrune │ └── json5@0.5.0
77 silly idealTree:prePrune ├── lodash-compat@3.10.2
77 silly idealTree:prePrune ├── lodash._arraycopy@3.0.0
77 silly idealTree:prePrune ├── lodash._arrayeach@3.0.0
77 silly idealTree:prePrune ├── lodash._baseassign@3.2.0
77 silly idealTree:prePrune ├── lodash._basecopy@3.0.1
77 silly idealTree:prePrune ├── lodash._basefor@3.0.3
77 silly idealTree:prePrune ├── lodash._bindcallback@3.0.1
77 silly idealTree:prePrune ├── lodash._createassigner@3.1.1
77 silly idealTree:prePrune ├── lodash._getnative@3.9.1
77 silly idealTree:prePrune ├── lodash._isiterateecall@3.0.9
77 silly idealTree:prePrune ├── lodash.assign@3.2.0
77 silly idealTree:prePrune ├── lodash.isarguments@3.0.8
77 silly idealTree:prePrune ├── lodash.isarray@3.0.4
77 silly idealTree:prePrune ├── lodash.isplainobject@3.2.0
77 silly idealTree:prePrune ├── lodash.istypedarray@3.0.6
77 silly idealTree:prePrune ├── lodash.keys@3.1.2
77 silly idealTree:prePrune ├── lodash.keysin@3.0.8
77 silly idealTree:prePrune ├── lodash.merge@3.3.2
77 silly idealTree:prePrune ├── lodash.restparam@3.6.1
77 silly idealTree:prePrune ├── lodash.toplainobject@3.0.0
77 silly idealTree:prePrune ├── lodash@4.13.1
77 silly idealTree:prePrune ├── longest@1.0.1
77 silly idealTree:prePrune ├── loose-envify@1.2.0
77 silly idealTree:prePrune ├── lower-case-first@1.0.2
77 silly idealTree:prePrune ├── lower-case@1.1.3
77 silly idealTree:prePrune ├─┬ materialize-css@0.97.6
77 silly idealTree:prePrune │ └── jquery@2.2.4
77 silly idealTree:prePrune ├── media-typer@0.3.0
77 silly idealTree:prePrune ├─┬ memory-fs@0.3.0
77 silly idealTree:prePrune │ ├── isarray@1.0.0
77 silly idealTree:prePrune │ └── readable-stream@2.1.4
77 silly idealTree:prePrune ├── merge-descriptors@1.0.1
77 silly idealTree:prePrune ├── methods@1.1.2
77 silly idealTree:prePrune ├── micromatch@2.3.8
77 silly idealTree:prePrune ├── mime-db@1.23.0
77 silly idealTree:prePrune ├── mime-types@2.1.11
77 silly idealTree:prePrune ├── mime@1.3.4
77 silly idealTree:prePrune ├── minimatch@3.0.0
77 silly idealTree:prePrune ├── minimist@0.0.8
77 silly idealTree:prePrune ├── mkdirp@0.5.1
77 silly idealTree:prePrune ├── ms@0.7.1
77 silly idealTree:prePrune ├── ncname@1.0.0
77 silly idealTree:prePrune ├── negotiator@0.6.1
77 silly idealTree:prePrune ├── node-archiver@0.2.0
77 silly idealTree:prePrune ├── node-fetch@1.5.3
77 silly idealTree:prePrune ├─┬ node-libs-browser@0.5.3
77 silly idealTree:prePrune │ └── readable-stream@1.1.14
77 silly idealTree:prePrune ├── normalize-path@2.0.1
77 silly idealTree:prePrune ├── nth-check@1.0.1
77 silly idealTree:prePrune ├── number-is-nan@1.0.0
77 silly idealTree:prePrune ├── object-assign@4.1.0
77 silly idealTree:prePrune ├── object.omit@2.0.0
77 silly idealTree:prePrune ├── on-finished@2.3.0
77 silly idealTree:prePrune ├── on-headers@1.0.1
77 silly idealTree:prePrune ├── once@1.3.3
77 silly idealTree:prePrune ├── optimist@0.6.1
77 silly idealTree:prePrune ├─┬ original@1.0.0
77 silly idealTree:prePrune │ └── url-parse@1.0.5
77 silly idealTree:prePrune ├── os-browserify@0.1.2
77 silly idealTree:prePrune ├── os-tmpdir@1.0.1
77 silly idealTree:prePrune ├── pako@0.2.8
77 silly idealTree:prePrune ├── param-case@1.1.2
77 silly idealTree:prePrune ├── parse-glob@3.0.4
77 silly idealTree:prePrune ├── parseurl@1.3.1
77 silly idealTree:prePrune ├── pascal-case@1.1.2
77 silly idealTree:prePrune ├── path-browserify@0.0.0
77 silly idealTree:prePrune ├── path-case@1.1.2
77 silly idealTree:prePrune ├── path-exists@1.0.0
77 silly idealTree:prePrune ├── path-is-absolute@1.0.0
77 silly idealTree:prePrune ├── path-to-regexp@0.1.7
77 silly idealTree:prePrune ├── pbkdf2-compat@2.0.1
77 silly idealTree:prePrune ├── preserve@0.2.0
77 silly idealTree:prePrune ├── pretty-error@2.0.0
77 silly idealTree:prePrune ├── private@0.1.6
77 silly idealTree:prePrune ├── process-nextick-args@1.0.7
77 silly idealTree:prePrune ├── process@0.11.5
77 silly idealTree:prePrune ├── promise@7.1.1
77 silly idealTree:prePrune ├── proxy-addr@1.0.10
77 silly idealTree:prePrune ├── prr@0.0.0
77 silly idealTree:prePrune ├── punycode@1.4.1
77 silly idealTree:prePrune ├── qs@4.0.0
77 silly idealTree:prePrune ├── query-string@3.0.3
77 silly idealTree:prePrune ├── querystring-es3@0.2.1
77 silly idealTree:prePrune ├── querystring@0.2.0
77 silly idealTree:prePrune ├── querystringify@0.0.3
77 silly idealTree:prePrune ├── randomatic@1.1.5
77 silly idealTree:prePrune ├── range-parser@1.0.3
77 silly idealTree:prePrune ├── react-bootstrap@0.29.4
77 silly idealTree:prePrune ├── react-dom@15.1.0
77 silly idealTree:prePrune ├── react-materialize@0.14.4
77 silly idealTree:prePrune ├─┬ react-overlays@0.6.3
77 silly idealTree:prePrune │ └── react-prop-types@0.2.2
77 silly idealTree:prePrune ├── react-prop-types@0.3.2
77 silly idealTree:prePrune ├── react-router@2.4.1
77 silly idealTree:prePrune ├── react@15.1.0
77 silly idealTree:prePrune ├── readable-stream@1.0.34
77 silly idealTree:prePrune ├─┬ readdirp@2.0.0
77 silly idealTree:prePrune │ ├── graceful-fs@4.1.4
77 silly idealTree:prePrune │ ├── isarray@1.0.0
77 silly idealTree:prePrune │ ├── minimatch@2.0.10
77 silly idealTree:prePrune │ └── readable-stream@2.1.4
77 silly idealTree:prePrune ├── regenerator-runtime@0.9.5
77 silly idealTree:prePrune ├── regex-cache@0.4.3
77 silly idealTree:prePrune ├── relateurl@0.2.6
77 silly idealTree:prePrune ├─┬ renderkid@2.0.0
77 silly idealTree:prePrune │ └── utila@0.3.3
77 silly idealTree:prePrune ├── repeat-element@1.1.2
77 silly idealTree:prePrune ├── repeat-string@1.5.4
77 silly idealTree:prePrune ├── repeating@1.1.3
77 silly idealTree:prePrune ├── requires-port@1.0.0
77 silly idealTree:prePrune ├── right-align@0.1.3
77 silly idealTree:prePrune ├── rimraf@2.5.2
77 silly idealTree:prePrune ├── ripemd160@0.2.0
77 silly idealTree:prePrune ├── send@0.13.1
77 silly idealTree:prePrune ├── sentence-case@1.1.3
77 silly idealTree:prePrune ├─┬ serve-index@1.7.3
77 silly idealTree:prePrune │ ├── accepts@1.2.13
77 silly idealTree:prePrune │ └── negotiator@0.5.3
77 silly idealTree:prePrune ├─┬ serve-static@1.10.3
77 silly idealTree:prePrune │ └── send@0.13.2
77 silly idealTree:prePrune ├── sha.js@2.2.6
77 silly idealTree:prePrune ├── shebang-regex@1.0.0
77 silly idealTree:prePrune ├── slash@1.0.0
77 silly idealTree:prePrune ├── snake-case@1.1.2
77 silly idealTree:prePrune ├─┬ sockjs-client@1.1.1
77 silly idealTree:prePrune │ └── faye-websocket@0.11.0
77 silly idealTree:prePrune ├── sockjs@0.3.17
77 silly idealTree:prePrune ├── source-list-map@0.1.6
77 silly idealTree:prePrune ├─┬ source-map-support@0.2.10
77 silly idealTree:prePrune │ └── source-map@0.1.32
77 silly idealTree:prePrune ├── source-map@0.5.6
77 silly idealTree:prePrune ├── statuses@1.2.1
77 silly idealTree:prePrune ├── stream-browserify@1.0.0
77 silly idealTree:prePrune ├── stream-cache@0.0.2
77 silly idealTree:prePrune ├── stream-consume@0.1.0
77 silly idealTree:prePrune ├── strict-uri-encode@1.1.0
77 silly idealTree:prePrune ├── string_decoder@0.10.31
77 silly idealTree:prePrune ├── strip-ansi@3.0.1
77 silly idealTree:prePrune ├── supports-color@2.0.0
77 silly idealTree:prePrune ├── swap-case@1.1.2
77 silly idealTree:prePrune ├── tapable@0.1.10
77 silly idealTree:prePrune ├── tar@0.1.20
77 silly idealTree:prePrune ├── timers-browserify@1.4.2
77 silly idealTree:prePrune ├── title-case@1.1.2
77 silly idealTree:prePrune ├── to-fast-properties@1.0.2
77 silly idealTree:prePrune ├── toposort@1.0.0
77 silly idealTree:prePrune ├── tty-browserify@0.0.0
77 silly idealTree:prePrune ├── type-is@1.6.13
77 silly idealTree:prePrune ├── ua-parser-js@0.7.10
77 silly idealTree:prePrune ├── uglify-js@2.6.2
77 silly idealTree:prePrune ├── uglify-to-browserify@1.0.2
77 silly idealTree:prePrune ├── uncontrollable@3.2.4
77 silly idealTree:prePrune ├── unpipe@1.0.0
77 silly idealTree:prePrune ├── upper-case-first@1.1.2
77 silly idealTree:prePrune ├── upper-case@1.1.3
77 silly idealTree:prePrune ├── url-parse@1.1.1
77 silly idealTree:prePrune ├─┬ url@0.10.3
77 silly idealTree:prePrune │ └── punycode@1.3.2
77 silly idealTree:prePrune ├── user-home@1.1.1
77 silly idealTree:prePrune ├── util-deprecate@1.0.2
77 silly idealTree:prePrune ├── util@0.10.3
77 silly idealTree:prePrune ├── utila@0.4.0
77 silly idealTree:prePrune ├── utils-merge@1.0.0
77 silly idealTree:prePrune ├── uuid@2.0.2
77 silly idealTree:prePrune ├── vary@1.1.0
77 silly idealTree:prePrune ├── vm-browserify@0.0.4
77 silly idealTree:prePrune ├── warning@2.1.0
77 silly idealTree:prePrune ├─┬ watchpack@0.2.9
77 silly idealTree:prePrune │ ├── async@0.9.2
77 silly idealTree:prePrune │ └── graceful-fs@4.1.4
77 silly idealTree:prePrune ├─┬ webpack-core@0.6.8
77 silly idealTree:prePrune │ └── source-map@0.4.4
77 silly idealTree:prePrune ├── webpack-dev-middleware@1.6.1
77 silly idealTree:prePrune ├─┬ webpack-dev-server@1.14.1
77 silly idealTree:prePrune │ └── supports-color@3.1.2
77 silly idealTree:prePrune ├─┬ webpack@1.13.1
77 silly idealTree:prePrune │ ├── async@1.5.2
77 silly idealTree:prePrune │ └── supports-color@3.1.2
77 silly idealTree:prePrune ├── websocket-driver@0.6.5
77 silly idealTree:prePrune ├── websocket-extensions@0.1.1
77 silly idealTree:prePrune ├── whatwg-fetch@1.0.0
77 silly idealTree:prePrune ├── window-size@0.1.0
77 silly idealTree:prePrune ├── wordwrap@0.0.2
77 silly idealTree:prePrune ├── wrappy@1.0.2
77 silly idealTree:prePrune ├── xml-char-classes@1.0.0
77 silly idealTree:prePrune └── yargs@3.10.0
78 silly loadIdealTree Finishing
79 silly currentTree @1.0.0
79 silly currentTree ├── accepts@1.3.3
79 silly currentTree ├── acorn@3.2.0
79 silly currentTree ├── align-text@0.1.4
79 silly currentTree ├── amdefine@1.0.0
79 silly currentTree ├── ansi-regex@2.0.0
79 silly currentTree ├── ansi-styles@2.2.1
79 silly currentTree ├── anymatch@1.3.0
79 silly currentTree ├── arr-diff@2.0.0
79 silly currentTree ├── arr-flatten@1.0.1
79 silly currentTree ├── array-flatten@1.1.1
79 silly currentTree ├── array-unique@0.2.1
79 silly currentTree ├── arrify@1.0.1
79 silly currentTree ├── asap@2.0.4
79 silly currentTree ├── assert@1.4.1
79 silly currentTree ├── assets-webpack-plugin@3.4.0
79 silly currentTree ├── async-each@1.0.0
79 silly currentTree ├── async@0.2.10
79 silly currentTree ├── axios@0.12.0
79 silly currentTree ├─┬ babel-code-frame@6.8.0
79 silly currentTree │ ├── babel-runtime@6.9.2
79 silly currentTree │ └── core-js@2.4.0
79 silly currentTree ├─┬ babel-core@6.9.1
79 silly currentTree │ ├── babel-runtime@6.9.2
79 silly currentTree │ ├── core-js@2.4.0
79 silly currentTree │ └── minimatch@2.0.10
79 silly currentTree ├─┬ babel-generator@6.10.0
79 silly currentTree │ ├── babel-runtime@6.9.2
79 silly currentTree │ └── core-js@2.4.0
79 silly currentTree ├─┬ babel-helper-builder-react-jsx@6.9.0
79 silly currentTree │ ├── babel-runtime@6.9.2
79 silly currentTree │ └── core-js@2.4.0
79 silly currentTree ├─┬ babel-helpers@6.8.0
79 silly currentTree │ ├── babel-runtime@6.9.2
79 silly currentTree │ └── core-js@2.4.0
79 silly currentTree ├── babel-loader@6.2.4
79 silly currentTree ├─┬ babel-messages@6.8.0
79 silly currentTree │ ├── babel-runtime@6.9.2
79 silly currentTree │ └── core-js@2.4.0
79 silly currentTree ├─┬ babel-plugin-syntax-flow@6.8.0
79 silly currentTree │ ├── babel-runtime@6.9.2
79 silly currentTree │ └── core-js@2.4.0
79 silly currentTree ├─┬ babel-plugin-syntax-jsx@6.8.0
79 silly currentTree │ ├── babel-runtime@6.9.2
79 silly currentTree │ └── core-js@2.4.0
79 silly currentTree ├─┬ babel-plugin-transform-flow-strip-types@6.8.0
79 silly currentTree │ ├── babel-runtime@6.9.2
79 silly currentTree │ └── core-js@2.4.0
79 silly currentTree ├─┬ babel-plugin-transform-react-display-name@6.8.0
79 silly currentTree │ ├── babel-runtime@6.9.2
79 silly currentTree │ └── core-js@2.4.0
79 silly currentTree ├─┬ babel-plugin-transform-react-jsx-source@6.9.0
79 silly currentTree │ ├── babel-runtime@6.9.2
79 silly currentTree │ └── core-js@2.4.0
79 silly currentTree ├─┬ babel-plugin-transform-react-jsx@6.8.0
79 silly currentTree │ ├── babel-runtime@6.9.2
79 silly currentTree │ └── core-js@2.4.0
79 silly currentTree ├── babel-preset-react@6.5.0
79 silly currentTree ├─┬ babel-register@6.9.0
79 silly currentTree │ ├── babel-runtime@6.9.2
79 silly currentTree │ └── core-js@2.4.0
79 silly currentTree ├── babel-runtime@5.8.38
79 silly currentTree ├─┬ babel-template@6.9.0
79 silly currentTree │ ├── babel-runtime@6.9.2
79 silly currentTree │ └── core-js@2.4.0
79 silly currentTree ├─┬ babel-traverse@6.9.0
79 silly currentTree │ ├── babel-runtime@6.9.2
79 silly currentTree │ └── core-js@2.4.0
79 silly currentTree ├─┬ babel-types@6.10.0
79 silly currentTree │ ├── babel-runtime@6.9.2
79 silly currentTree │ └── core-js@2.4.0
79 silly currentTree ├─┬ babylon@6.8.1
79 silly currentTree │ ├── babel-runtime@6.9.2
79 silly currentTree │ └── core-js@2.4.0
79 silly currentTree ├── balanced-match@0.4.1
79 silly currentTree ├── base64-js@0.0.8
79 silly currentTree ├── Base64@0.2.1
79 silly currentTree ├── batch@0.5.3
79 silly currentTree ├── big.js@3.1.3
79 silly currentTree ├── binary-extensions@1.4.1
79 silly currentTree ├── block-stream@0.0.9
79 silly currentTree ├── bluebird@3.4.0
79 silly currentTree ├── boolbase@1.0.0
79 silly currentTree ├── brace-expansion@1.1.5
79 silly currentTree ├── braces@1.8.5
79 silly currentTree ├── browserify-zlib@0.1.4
79 silly currentTree ├── buffer-shims@1.0.0
79 silly currentTree ├─┬ buffer@3.6.0
79 silly currentTree │ └── isarray@1.0.0
79 silly currentTree ├── bytes@2.3.0
79 silly currentTree ├── camel-case@1.2.2
79 silly currentTree ├── camelcase@1.2.1
79 silly currentTree ├── center-align@0.1.3
79 silly currentTree ├── chalk@1.1.3
79 silly currentTree ├── change-case@2.3.1
79 silly currentTree ├── chokidar@1.5.2
79 silly currentTree ├── classnames@2.2.5
79 silly currentTree ├─┬ clean-css@3.4.18
79 silly currentTree │ ├── commander@2.8.1
79 silly currentTree │ └── source-map@0.4.4
79 silly currentTree ├── cliui@2.1.0
79 silly currentTree ├── clone@1.0.2
79 silly currentTree ├── commander@2.9.0
79 silly currentTree ├── compressible@2.0.8
79 silly currentTree ├── compression@1.6.2
79 silly currentTree ├── concat-map@0.0.1
79 silly currentTree ├── connect-history-api-fallback@1.1.0
79 silly currentTree ├── console-browserify@1.1.0
79 silly currentTree ├── constant-case@1.1.2
79 silly currentTree ├── constants-browserify@0.0.1
79 silly currentTree ├── content-disposition@0.5.1
79 silly currentTree ├── content-type@1.0.2
79 silly currentTree ├── convert-source-map@1.2.0
79 silly currentTree ├── cookie-signature@1.0.6
79 silly currentTree ├── cookie@0.1.5
79 silly currentTree ├── core-js@1.2.6
79 silly currentTree ├── core-util-is@1.0.2
79 silly currentTree ├── crypto-browserify@3.2.8
79 silly currentTree ├── css-select@1.2.0
79 silly currentTree ├── css-what@2.1.0
79 silly currentTree ├── date-now@0.1.4
79 silly currentTree ├── debug@2.2.0
79 silly currentTree ├── decamelize@1.2.0
79 silly currentTree ├── deep-equal@1.0.1
79 silly currentTree ├── depd@1.1.0
79 silly currentTree ├── destroy@1.0.4
79 silly currentTree ├─┬ detect-indent@3.0.1
79 silly currentTree │ └── minimist@1.2.0
79 silly currentTree ├─┬ dom-converter@0.1.4
79 silly currentTree │ └── utila@0.3.3
79 silly currentTree ├── dom-helpers@2.4.0
79 silly currentTree ├─┬ dom-serializer@0.1.0
79 silly currentTree │ └── domelementtype@1.1.3
79 silly currentTree ├── domain-browser@1.1.7
79 silly currentTree ├── domelementtype@1.3.0
79 silly currentTree ├── domhandler@2.1.0
79 silly currentTree ├── domutils@1.5.1
79 silly currentTree ├── dot-case@1.1.2
79 silly currentTree ├── ee-first@1.1.1
79 silly currentTree ├── emojis-list@2.0.1
79 silly currentTree ├── encoding@0.1.12
79 silly currentTree ├─┬ enhanced-resolve@0.9.1
79 silly currentTree │ ├── graceful-fs@4.1.4
79 silly currentTree │ └── memory-fs@0.2.0
79 silly currentTree ├── entities@1.1.1
79 silly currentTree ├── errno@0.1.4
79 silly currentTree ├── escape-html@1.0.3
79 silly currentTree ├── escape-string-regexp@1.0.5
79 silly currentTree ├── esutils@2.0.2
79 silly currentTree ├── etag@1.7.0
79 silly currentTree ├── eventemitter3@1.2.0
79 silly currentTree ├── events@1.1.0
79 silly currentTree ├── eventsource@0.1.6
79 silly currentTree ├── expand-brackets@0.1.5
79 silly currentTree ├── expand-range@1.8.2
79 silly currentTree ├─┬ express@4.13.4
79 silly currentTree │ ├── accepts@1.2.13
79 silly currentTree │ ├── negotiator@0.5.3
79 silly currentTree │ └── vary@1.0.1
79 silly currentTree ├── extglob@0.3.2
79 silly currentTree ├── faye-websocket@0.10.0
79 silly currentTree ├── fbjs@0.8.3
79 silly currentTree ├── file-loader@0.8.5
79 silly currentTree ├── filename-regex@2.0.0
79 silly currentTree ├── fill-range@2.2.3
79 silly currentTree ├── finalhandler@0.4.1
79 silly currentTree ├── follow-redirects@0.0.7
79 silly currentTree ├── for-in@0.1.5
79 silly currentTree ├── for-own@0.1.4
79 silly currentTree ├── forwarded@0.1.0
79 silly currentTree ├── fresh@0.3.0
79 silly currentTree ├── fstream@0.1.31
79 silly currentTree ├── get-stdin@4.0.1
79 silly currentTree ├── glob-base@0.3.0
79 silly currentTree ├── glob-parent@2.0.0
79 silly currentTree ├── glob@7.0.3
79 silly currentTree ├── globals@8.18.0
79 silly currentTree ├── graceful-fs@3.0.8
79 silly currentTree ├── graceful-readlink@1.0.1
79 silly currentTree ├── hammerjs@2.0.8
79 silly currentTree ├── has-ansi@2.0.0
79 silly currentTree ├── has-flag@1.0.0
79 silly currentTree ├── he@1.1.0
79 silly currentTree ├── history@2.1.2
79 silly currentTree ├── hoist-non-react-statics@1.1.0
79 silly currentTree ├── home-or-tmp@1.0.0
79 silly currentTree ├── html-minifier@2.1.3
79 silly currentTree ├── html-webpack-plugin@2.21.0
79 silly currentTree ├─┬ htmlparser2@3.3.0
79 silly currentTree │ └── domutils@1.1.6
79 silly currentTree ├── http-browserify@1.7.0
79 silly currentTree ├── http-errors@1.3.1
79 silly currentTree ├── http-proxy@1.14.0
79 silly currentTree ├── https-browserify@0.0.0
79 silly currentTree ├── iconv-lite@0.4.13
79 silly currentTree ├── ieee754@1.1.6
79 silly currentTree ├── immutable@3.8.1
79 silly currentTree ├── indexof@0.0.1
79 silly currentTree ├── inflight@1.0.5
79 silly currentTree ├── inherits@2.0.1
79 silly currentTree ├── interpret@0.6.6
79 silly currentTree ├── invariant@2.2.1
79 silly currentTree ├── ipaddr.js@1.0.5
79 silly currentTree ├── is-binary-path@1.0.1
79 silly currentTree ├── is-buffer@1.1.3
79 silly currentTree ├── is-dotfile@1.0.2
79 silly currentTree ├── is-equal-shallow@0.1.3
79 silly currentTree ├── is-extendable@0.1.1
79 silly currentTree ├── is-extglob@1.0.0
79 silly currentTree ├── is-finite@1.0.1
79 silly currentTree ├── is-glob@2.0.1
79 silly currentTree ├── is-lower-case@1.1.3
79 silly currentTree ├── is-number@2.1.0
79 silly currentTree ├── is-posix-bracket@0.1.1
79 silly currentTree ├── is-primitive@2.0.0
79 silly currentTree ├── is-stream@1.1.0
79 silly currentTree ├── is-upper-case@1.1.2
79 silly currentTree ├── isarray@0.0.1
79 silly currentTree ├─┬ isobject@2.1.0
79 silly currentTree │ └── isarray@1.0.0
79 silly currentTree ├── isomorphic-fetch@2.2.1
79 silly currentTree ├── jquery@3.0.0
79 silly currentTree ├── js-tokens@1.0.3
79 silly currentTree ├── json3@3.3.2
79 silly currentTree ├── json5@0.4.0
79 silly currentTree ├── keycode@2.1.2
79 silly currentTree ├── kind-of@3.0.3
79 silly currentTree ├── lazy-cache@1.0.4
79 silly currentTree ├─┬ loader-utils@0.2.15
79 silly currentTree │ └── json5@0.5.0
79 silly currentTree ├── lodash-compat@3.10.2
79 silly currentTree ├── lodash._arraycopy@3.0.0
79 silly currentTree ├── lodash._arrayeach@3.0.0
79 silly currentTree ├── lodash._baseassign@3.2.0
79 silly currentTree ├── lodash._basecopy@3.0.1
79 silly currentTree ├── lodash._basefor@3.0.3
79 silly currentTree ├── lodash._bindcallback@3.0.1
79 silly currentTree ├── lodash._createassigner@3.1.1
79 silly currentTree ├── lodash._getnative@3.9.1
79 silly currentTree ├── lodash._isiterateecall@3.0.9
79 silly currentTree ├── lodash.assign@3.2.0
79 silly currentTree ├── lodash.isarguments@3.0.8
79 silly currentTree ├── lodash.isarray@3.0.4
79 silly currentTree ├── lodash.isplainobject@3.2.0
79 silly currentTree ├── lodash.istypedarray@3.0.6
79 silly currentTree ├── lodash.keys@3.1.2
79 silly currentTree ├── lodash.keysin@3.0.8
79 silly currentTree ├── lodash.merge@3.3.2
79 silly currentTree ├── lodash.restparam@3.6.1
79 silly currentTree ├── lodash.toplainobject@3.0.0
79 silly currentTree ├── lodash@4.13.1
79 silly currentTree ├── longest@1.0.1
79 silly currentTree ├── loose-envify@1.2.0
79 silly currentTree ├── lower-case-first@1.0.2
79 silly currentTree ├── lower-case@1.1.3
79 silly currentTree ├─┬ materialize-css@0.97.6
79 silly currentTree │ └── jquery@2.2.4
79 silly currentTree ├── media-typer@0.3.0
79 silly currentTree ├─┬ memory-fs@0.3.0
79 silly currentTree │ ├── isarray@1.0.0
79 silly currentTree │ └── readable-stream@2.1.4
79 silly currentTree ├── merge-descriptors@1.0.1
79 silly currentTree ├── methods@1.1.2
79 silly currentTree ├── micromatch@2.3.8
79 silly currentTree ├── mime-db@1.23.0
79 silly currentTree ├── mime-types@2.1.11
79 silly currentTree ├── mime@1.3.4
79 silly currentTree ├── minimatch@3.0.0
79 silly currentTree ├── minimist@0.0.8
79 silly currentTree ├── mkdirp@0.5.1
79 silly currentTree ├── ms@0.7.1
79 silly currentTree ├── ncname@1.0.0
79 silly currentTree ├── negotiator@0.6.1
79 silly currentTree ├── node-archiver@0.2.0
79 silly currentTree ├── node-fetch@1.5.3
79 silly currentTree ├─┬ node-libs-browser@0.5.3
79 silly currentTree │ └── readable-stream@1.1.14
79 silly currentTree ├── normalize-path@2.0.1
79 silly currentTree ├── nth-check@1.0.1
79 silly currentTree ├── number-is-nan@1.0.0
79 silly currentTree ├── object-assign@4.1.0
79 silly currentTree ├── object.omit@2.0.0
79 silly currentTree ├── on-finished@2.3.0
79 silly currentTree ├── on-headers@1.0.1
79 silly currentTree ├── once@1.3.3
79 silly currentTree ├── optimist@0.6.1
79 silly currentTree ├─┬ original@1.0.0
79 silly currentTree │ └── url-parse@1.0.5
79 silly currentTree ├── os-browserify@0.1.2
79 silly currentTree ├── os-tmpdir@1.0.1
79 silly currentTree ├── pako@0.2.8
79 silly currentTree ├── param-case@1.1.2
79 silly currentTree ├── parse-glob@3.0.4
79 silly currentTree ├── parseurl@1.3.1
79 silly currentTree ├── pascal-case@1.1.2
79 silly currentTree ├── path-browserify@0.0.0
79 silly currentTree ├── path-case@1.1.2
79 silly currentTree ├── path-exists@1.0.0
79 silly currentTree ├── path-is-absolute@1.0.0
79 silly currentTree ├── path-to-regexp@0.1.7
79 silly currentTree ├── pbkdf2-compat@2.0.1
79 silly currentTree ├── preserve@0.2.0
79 silly currentTree ├── pretty-error@2.0.0
79 silly currentTree ├── private@0.1.6
79 silly currentTree ├── process-nextick-args@1.0.7
79 silly currentTree ├── process@0.11.5
79 silly currentTree ├── promise@7.1.1
79 silly currentTree ├── proxy-addr@1.0.10
79 silly currentTree ├── prr@0.0.0
79 silly currentTree ├── punycode@1.4.1
79 silly currentTree ├── qs@4.0.0
79 silly currentTree ├── query-string@3.0.3
79 silly currentTree ├── querystring-es3@0.2.1
79 silly currentTree ├── querystring@0.2.0
79 silly currentTree ├── querystringify@0.0.3
79 silly currentTree ├── randomatic@1.1.5
79 silly currentTree ├── range-parser@1.0.3
79 silly currentTree ├── react-bootstrap@0.29.4
79 silly currentTree ├── react-dom@15.1.0
79 silly currentTree ├── react-materialize@0.14.4
79 silly currentTree ├─┬ react-overlays@0.6.3
79 silly currentTree │ └── react-prop-types@0.2.2
79 silly currentTree ├── react-prop-types@0.3.2
79 silly currentTree ├── react-router@2.4.1
79 silly currentTree ├── react@15.1.0
79 silly currentTree ├── readable-stream@1.0.34
79 silly currentTree ├─┬ readdirp@2.0.0
79 silly currentTree │ ├── graceful-fs@4.1.4
79 silly currentTree │ ├── isarray@1.0.0
79 silly currentTree │ ├── minimatch@2.0.10
79 silly currentTree │ └── readable-stream@2.1.4
79 silly currentTree ├── regenerator-runtime@0.9.5
79 silly currentTree ├── regex-cache@0.4.3
79 silly currentTree ├── relateurl@0.2.6
79 silly currentTree ├─┬ renderkid@2.0.0
79 silly currentTree │ └── utila@0.3.3
79 silly currentTree ├── repeat-element@1.1.2
79 silly currentTree ├── repeat-string@1.5.4
79 silly currentTree ├── repeating@1.1.3
79 silly currentTree ├── requires-port@1.0.0
79 silly currentTree ├── right-align@0.1.3
79 silly currentTree ├── rimraf@2.5.2
79 silly currentTree ├── ripemd160@0.2.0
79 silly currentTree ├── send@0.13.1
79 silly currentTree ├── sentence-case@1.1.3
79 silly currentTree ├─┬ serve-index@1.7.3
79 silly currentTree │ ├── accepts@1.2.13
79 silly currentTree │ └── negotiator@0.5.3
79 silly currentTree ├─┬ serve-static@1.10.3
79 silly currentTree │ └── send@0.13.2
79 silly currentTree ├── sha.js@2.2.6
79 silly currentTree ├── shebang-regex@1.0.0
79 silly currentTree ├── slash@1.0.0
79 silly currentTree ├── snake-case@1.1.2
79 silly currentTree ├─┬ sockjs-client@1.1.1
79 silly currentTree │ └── faye-websocket@0.11.0
79 silly currentTree ├── sockjs@0.3.17
79 silly currentTree ├── source-list-map@0.1.6
79 silly currentTree ├─┬ source-map-support@0.2.10
79 silly currentTree │ └── source-map@0.1.32
79 silly currentTree ├── source-map@0.5.6
79 silly currentTree ├── statuses@1.2.1
79 silly currentTree ├── stream-browserify@1.0.0
79 silly currentTree ├── stream-cache@0.0.2
79 silly currentTree ├── stream-consume@0.1.0
79 silly currentTree ├── strict-uri-encode@1.1.0
79 silly currentTree ├── string_decoder@0.10.31
79 silly currentTree ├── strip-ansi@3.0.1
79 silly currentTree ├── supports-color@2.0.0
79 silly currentTree ├── swap-case@1.1.2
79 silly currentTree ├── tapable@0.1.10
79 silly currentTree ├── tar@0.1.20
79 silly currentTree ├── timers-browserify@1.4.2
79 silly currentTree ├── title-case@1.1.2
79 silly currentTree ├── to-fast-properties@1.0.2
79 silly currentTree ├── toposort@1.0.0
79 silly currentTree ├── tty-browserify@0.0.0
79 silly currentTree ├── type-is@1.6.13
79 silly currentTree ├── ua-parser-js@0.7.10
79 silly currentTree ├── uglify-js@2.6.2
79 silly currentTree ├── uglify-to-browserify@1.0.2
79 silly currentTree ├── uncontrollable@3.2.4
79 silly currentTree ├── unpipe@1.0.0
79 silly currentTree ├── upper-case-first@1.1.2
79 silly currentTree ├── upper-case@1.1.3
79 silly currentTree ├── url-parse@1.1.1
79 silly currentTree ├─┬ url@0.10.3
79 silly currentTree │ └── punycode@1.3.2
79 silly currentTree ├── user-home@1.1.1
79 silly currentTree ├── util-deprecate@1.0.2
79 silly currentTree ├── util@0.10.3
79 silly currentTree ├── utila@0.4.0
79 silly currentTree ├── utils-merge@1.0.0
79 silly currentTree ├── uuid@2.0.2
79 silly currentTree ├── vary@1.1.0
79 silly currentTree ├── vm-browserify@0.0.4
79 silly currentTree ├── warning@2.1.0
79 silly currentTree ├─┬ watchpack@0.2.9
79 silly currentTree │ ├── async@0.9.2
79 silly currentTree │ └── graceful-fs@4.1.4
79 silly currentTree ├─┬ webpack-core@0.6.8
79 silly currentTree │ └── source-map@0.4.4
79 silly currentTree ├── webpack-dev-middleware@1.6.1
79 silly currentTree ├─┬ webpack-dev-server@1.14.1
79 silly currentTree │ └── supports-color@3.1.2
79 silly currentTree ├─┬ webpack@1.13.1
79 silly currentTree │ ├── async@1.5.2
79 silly currentTree │ └── supports-color@3.1.2
79 silly currentTree ├── websocket-driver@0.6.5
79 silly currentTree ├── websocket-extensions@0.1.1
79 silly currentTree ├── whatwg-fetch@1.0.0
79 silly currentTree ├── window-size@0.1.0
79 silly currentTree ├── wordwrap@0.0.2
79 silly currentTree ├── wrappy@1.0.2
79 silly currentTree ├── xml-char-classes@1.0.0
79 silly currentTree └── yargs@3.10.0
80 silly idealTree @1.0.0
80 silly idealTree ├── accepts@1.3.3
80 silly idealTree ├── acorn@3.2.0
80 silly idealTree ├── align-text@0.1.4
80 silly idealTree ├── amdefine@1.0.0
80 silly idealTree ├── ansi-regex@2.0.0
80 silly idealTree ├── ansi-styles@2.2.1
80 silly idealTree ├── anymatch@1.3.0
80 silly idealTree ├── arr-diff@2.0.0
80 silly idealTree ├── arr-flatten@1.0.1
80 silly idealTree ├── array-flatten@1.1.1
80 silly idealTree ├── array-unique@0.2.1
80 silly idealTree ├── arrify@1.0.1
80 silly idealTree ├── asap@2.0.4
80 silly idealTree ├── assert@1.4.1
80 silly idealTree ├── assets-webpack-plugin@3.4.0
80 silly idealTree ├── async-each@1.0.0
80 silly idealTree ├── async@0.2.10
80 silly idealTree ├── axios@0.12.0
80 silly idealTree ├─┬ babel-code-frame@6.8.0
80 silly idealTree │ ├── babel-runtime@6.9.2
80 silly idealTree │ └── core-js@2.4.0
80 silly idealTree ├─┬ babel-core@6.9.1
80 silly idealTree │ ├── babel-runtime@6.9.2
80 silly idealTree │ ├── core-js@2.4.0
80 silly idealTree │ └── minimatch@2.0.10
80 silly idealTree ├─┬ babel-generator@6.10.0
80 silly idealTree │ ├── babel-runtime@6.9.2
80 silly idealTree │ └── core-js@2.4.0
80 silly idealTree ├─┬ babel-helper-builder-react-jsx@6.9.0
80 silly idealTree │ ├── babel-runtime@6.9.2
80 silly idealTree │ └── core-js@2.4.0
80 silly idealTree ├─┬ babel-helpers@6.8.0
80 silly idealTree │ ├── babel-runtime@6.9.2
80 silly idealTree │ └── core-js@2.4.0
80 silly idealTree ├── babel-loader@6.2.4
80 silly idealTree ├─┬ babel-messages@6.8.0
80 silly idealTree │ ├── babel-runtime@6.9.2
80 silly idealTree │ └── core-js@2.4.0
80 silly idealTree ├─┬ babel-plugin-syntax-flow@6.8.0
80 silly idealTree │ ├── babel-runtime@6.9.2
80 silly idealTree │ └── core-js@2.4.0
80 silly idealTree ├─┬ babel-plugin-syntax-jsx@6.8.0
80 silly idealTree │ ├── babel-runtime@6.9.2
80 silly idealTree │ └── core-js@2.4.0
80 silly idealTree ├─┬ babel-plugin-transform-flow-strip-types@6.8.0
80 silly idealTree │ ├── babel-runtime@6.9.2
80 silly idealTree │ └── core-js@2.4.0
80 silly idealTree ├─┬ babel-plugin-transform-react-display-name@6.8.0
80 silly idealTree │ ├── babel-runtime@6.9.2
80 silly idealTree │ └── core-js@2.4.0
80 silly idealTree ├─┬ babel-plugin-transform-react-jsx-source@6.9.0
80 silly idealTree │ ├── babel-runtime@6.9.2
80 silly idealTree │ └── core-js@2.4.0
80 silly idealTree ├─┬ babel-plugin-transform-react-jsx@6.8.0
80 silly idealTree │ ├── babel-runtime@6.9.2
80 silly idealTree │ └── core-js@2.4.0
80 silly idealTree ├── babel-preset-react@6.5.0
80 silly idealTree ├─┬ babel-register@6.9.0
80 silly idealTree │ ├── babel-runtime@6.9.2
80 silly idealTree │ └── core-js@2.4.0
80 silly idealTree ├── babel-runtime@5.8.38
80 silly idealTree ├─┬ babel-template@6.9.0
80 silly idealTree │ ├── babel-runtime@6.9.2
80 silly idealTree │ └── core-js@2.4.0
80 silly idealTree ├─┬ babel-traverse@6.9.0
80 silly idealTree │ ├── babel-runtime@6.9.2
80 silly idealTree │ └── core-js@2.4.0
80 silly idealTree ├─┬ babel-types@6.10.0
80 silly idealTree │ ├── babel-runtime@6.9.2
80 silly idealTree │ └── core-js@2.4.0
80 silly idealTree ├─┬ babylon@6.8.1
80 silly idealTree │ ├── babel-runtime@6.9.2
80 silly idealTree │ └── core-js@2.4.0
80 silly idealTree ├── balanced-match@0.4.1
80 silly idealTree ├── base64-js@0.0.8
80 silly idealTree ├── Base64@0.2.1
80 silly idealTree ├── batch@0.5.3
80 silly idealTree ├── big.js@3.1.3
80 silly idealTree ├── binary-extensions@1.4.1
80 silly idealTree ├── block-stream@0.0.9
80 silly idealTree ├── bluebird@3.4.0
80 silly idealTree ├── boolbase@1.0.0
80 silly idealTree ├── brace-expansion@1.1.5
80 silly idealTree ├── braces@1.8.5
80 silly idealTree ├── browserify-zlib@0.1.4
80 silly idealTree ├── buffer-shims@1.0.0
80 silly idealTree ├─┬ buffer@3.6.0
80 silly idealTree │ └── isarray@1.0.0
80 silly idealTree ├── bytes@2.3.0
80 silly idealTree ├── camel-case@1.2.2
80 silly idealTree ├── camelcase@1.2.1
80 silly idealTree ├── center-align@0.1.3
80 silly idealTree ├── chalk@1.1.3
80 silly idealTree ├── change-case@2.3.1
80 silly idealTree ├── chokidar@1.5.2
80 silly idealTree ├── classnames@2.2.5
80 silly idealTree ├─┬ clean-css@3.4.18
80 silly idealTree │ ├── commander@2.8.1
80 silly idealTree │ └── source-map@0.4.4
80 silly idealTree ├── cliui@2.1.0
80 silly idealTree ├── clone@1.0.2
80 silly idealTree ├── commander@2.9.0
80 silly idealTree ├── compressible@2.0.8
80 silly idealTree ├── compression@1.6.2
80 silly idealTree ├── concat-map@0.0.1
80 silly idealTree ├── connect-history-api-fallback@1.1.0
80 silly idealTree ├── console-browserify@1.1.0
80 silly idealTree ├── constant-case@1.1.2
80 silly idealTree ├── constants-browserify@0.0.1
80 silly idealTree ├── content-disposition@0.5.1
80 silly idealTree ├── content-type@1.0.2
80 silly idealTree ├── convert-source-map@1.2.0
80 silly idealTree ├── cookie-signature@1.0.6
80 silly idealTree ├── cookie@0.1.5
80 silly idealTree ├── core-js@1.2.6
80 silly idealTree ├── core-util-is@1.0.2
80 silly idealTree ├── crypto-browserify@3.2.8
80 silly idealTree ├── css-select@1.2.0
80 silly idealTree ├── css-what@2.1.0
80 silly idealTree ├── date-now@0.1.4
80 silly idealTree ├── debug@2.2.0
80 silly idealTree ├── decamelize@1.2.0
80 silly idealTree ├── deep-equal@1.0.1
80 silly idealTree ├── depd@1.1.0
80 silly idealTree ├── destroy@1.0.4
80 silly idealTree ├─┬ detect-indent@3.0.1
80 silly idealTree │ └── minimist@1.2.0
80 silly idealTree ├─┬ dom-converter@0.1.4
80 silly idealTree │ └── utila@0.3.3
80 silly idealTree ├── dom-helpers@2.4.0
80 silly idealTree ├─┬ dom-serializer@0.1.0
80 silly idealTree │ └── domelementtype@1.1.3
80 silly idealTree ├── domain-browser@1.1.7
80 silly idealTree ├── domelementtype@1.3.0
80 silly idealTree ├── domhandler@2.1.0
80 silly idealTree ├── domutils@1.5.1
80 silly idealTree ├── dot-case@1.1.2
80 silly idealTree ├── ee-first@1.1.1
80 silly idealTree ├── emojis-list@2.0.1
80 silly idealTree ├── encoding@0.1.12
80 silly idealTree ├─┬ enhanced-resolve@0.9.1
80 silly idealTree │ ├── graceful-fs@4.1.4
80 silly idealTree │ └── memory-fs@0.2.0
80 silly idealTree ├── entities@1.1.1
80 silly idealTree ├── errno@0.1.4
80 silly idealTree ├── escape-html@1.0.3
80 silly idealTree ├── escape-string-regexp@1.0.5
80 silly idealTree ├── esutils@2.0.2
80 silly idealTree ├── etag@1.7.0
80 silly idealTree ├── eventemitter3@1.2.0
80 silly idealTree ├── events@1.1.0
80 silly idealTree ├── eventsource@0.1.6
80 silly idealTree ├── expand-brackets@0.1.5
80 silly idealTree ├── expand-range@1.8.2
80 silly idealTree ├─┬ express@4.13.4
80 silly idealTree │ ├── accepts@1.2.13
80 silly idealTree │ ├── negotiator@0.5.3
80 silly idealTree │ └── vary@1.0.1
80 silly idealTree ├── extglob@0.3.2
80 silly idealTree ├── faye-websocket@0.10.0
80 silly idealTree ├── fbjs@0.8.3
80 silly idealTree ├── file-loader@0.8.5
80 silly idealTree ├── filename-regex@2.0.0
80 silly idealTree ├── fill-range@2.2.3
80 silly idealTree ├── finalhandler@0.4.1
80 silly idealTree ├── follow-redirects@0.0.7
80 silly idealTree ├── for-in@0.1.5
80 silly idealTree ├── for-own@0.1.4
80 silly idealTree ├── forwarded@0.1.0
80 silly idealTree ├── fresh@0.3.0
80 silly idealTree ├── fstream@0.1.31
80 silly idealTree ├── get-stdin@4.0.1
80 silly idealTree ├── glob-base@0.3.0
80 silly idealTree ├── glob-parent@2.0.0
80 silly idealTree ├── glob@7.0.3
80 silly idealTree ├── globals@8.18.0
80 silly idealTree ├── graceful-fs@3.0.8
80 silly idealTree ├── graceful-readlink@1.0.1
80 silly idealTree ├── hammerjs@2.0.8
80 silly idealTree ├── has-ansi@2.0.0
80 silly idealTree ├── has-flag@1.0.0
80 silly idealTree ├── he@1.1.0
80 silly idealTree ├── history@2.1.2
80 silly idealTree ├── hoist-non-react-statics@1.1.0
80 silly idealTree ├── home-or-tmp@1.0.0
80 silly idealTree ├── html-minifier@2.1.3
80 silly idealTree ├── html-webpack-plugin@2.21.0
80 silly idealTree ├─┬ htmlparser2@3.3.0
80 silly idealTree │ └── domutils@1.1.6
80 silly idealTree ├── http-browserify@1.7.0
80 silly idealTree ├── http-errors@1.3.1
80 silly idealTree ├── http-proxy@1.14.0
80 silly idealTree ├── https-browserify@0.0.0
80 silly idealTree ├── iconv-lite@0.4.13
80 silly idealTree ├── ieee754@1.1.6
80 silly idealTree ├── immutable@3.8.1
80 silly idealTree ├── indexof@0.0.1
80 silly idealTree ├── inflight@1.0.5
80 silly idealTree ├── inherits@2.0.1
80 silly idealTree ├── interpret@0.6.6
80 silly idealTree ├── invariant@2.2.1
80 silly idealTree ├── ipaddr.js@1.0.5
80 silly idealTree ├── is-binary-path@1.0.1
80 silly idealTree ├── is-buffer@1.1.3
80 silly idealTree ├── is-dotfile@1.0.2
80 silly idealTree ├── is-equal-shallow@0.1.3
80 silly idealTree ├── is-extendable@0.1.1
80 silly idealTree ├── is-extglob@1.0.0
80 silly idealTree ├── is-finite@1.0.1
80 silly idealTree ├── is-glob@2.0.1
80 silly idealTree ├── is-lower-case@1.1.3
80 silly idealTree ├── is-number@2.1.0
80 silly idealTree ├── is-posix-bracket@0.1.1
80 silly idealTree ├── is-primitive@2.0.0
80 silly idealTree ├── is-stream@1.1.0
80 silly idealTree ├── is-upper-case@1.1.2
80 silly idealTree ├── isarray@0.0.1
80 silly idealTree ├─┬ isobject@2.1.0
80 silly idealTree │ └── isarray@1.0.0
80 silly idealTree ├── isomorphic-fetch@2.2.1
80 silly idealTree ├── jquery@3.0.0
80 silly idealTree ├── js-tokens@1.0.3
80 silly idealTree ├── json3@3.3.2
80 silly idealTree ├── json5@0.4.0
80 silly idealTree ├── keycode@2.1.2
80 silly idealTree ├── kind-of@3.0.3
80 silly idealTree ├── lazy-cache@1.0.4
80 silly idealTree ├─┬ loader-utils@0.2.15
80 silly idealTree │ └── json5@0.5.0
80 silly idealTree ├── lodash-compat@3.10.2
80 silly idealTree ├── lodash._arraycopy@3.0.0
80 silly idealTree ├── lodash._arrayeach@3.0.0
80 silly idealTree ├── lodash._baseassign@3.2.0
80 silly idealTree ├── lodash._basecopy@3.0.1
80 silly idealTree ├── lodash._basefor@3.0.3
80 silly idealTree ├── lodash._bindcallback@3.0.1
80 silly idealTree ├── lodash._createassigner@3.1.1
80 silly idealTree ├── lodash._getnative@3.9.1
80 silly idealTree ├── lodash._isiterateecall@3.0.9
80 silly idealTree ├── lodash.assign@3.2.0
80 silly idealTree ├── lodash.isarguments@3.0.8
80 silly idealTree ├── lodash.isarray@3.0.4
80 silly idealTree ├── lodash.isplainobject@3.2.0
80 silly idealTree ├── lodash.istypedarray@3.0.6
80 silly idealTree ├── lodash.keys@3.1.2
80 silly idealTree ├── lodash.keysin@3.0.8
80 silly idealTree ├── lodash.merge@3.3.2
80 silly idealTree ├── lodash.restparam@3.6.1
80 silly idealTree ├── lodash.toplainobject@3.0.0
80 silly idealTree ├── lodash@4.13.1
80 silly idealTree ├── longest@1.0.1
80 silly idealTree ├── loose-envify@1.2.0
80 silly idealTree ├── lower-case-first@1.0.2
80 silly idealTree ├── lower-case@1.1.3
80 silly idealTree ├─┬ materialize-css@0.97.6
80 silly idealTree │ └── jquery@2.2.4
80 silly idealTree ├── media-typer@0.3.0
80 silly idealTree ├─┬ memory-fs@0.3.0
80 silly idealTree │ ├── isarray@1.0.0
80 silly idealTree │ └── readable-stream@2.1.4
80 silly idealTree ├── merge-descriptors@1.0.1
80 silly idealTree ├── methods@1.1.2
80 silly idealTree ├── micromatch@2.3.8
80 silly idealTree ├── mime-db@1.23.0
80 silly idealTree ├── mime-types@2.1.11
80 silly idealTree ├── mime@1.3.4
80 silly idealTree ├── minimatch@3.0.0
80 silly idealTree ├── minimist@0.0.8
80 silly idealTree ├── mkdirp@0.5.1
80 silly idealTree ├── ms@0.7.1
80 silly idealTree ├── ncname@1.0.0
80 silly idealTree ├── negotiator@0.6.1
80 silly idealTree ├── node-archiver@0.2.0
80 silly idealTree ├── node-fetch@1.5.3
80 silly idealTree ├─┬ node-libs-browser@0.5.3
80 silly idealTree │ └── readable-stream@1.1.14
80 silly idealTree ├── normalize-path@2.0.1
80 silly idealTree ├── nth-check@1.0.1
80 silly idealTree ├── number-is-nan@1.0.0
80 silly idealTree ├── object-assign@4.1.0
80 silly idealTree ├── object.omit@2.0.0
80 silly idealTree ├── on-finished@2.3.0
80 silly idealTree ├── on-headers@1.0.1
80 silly idealTree ├── once@1.3.3
80 silly idealTree ├── optimist@0.6.1
80 silly idealTree ├─┬ original@1.0.0
80 silly idealTree │ └── url-parse@1.0.5
80 silly idealTree ├── os-browserify@0.1.2
80 silly idealTree ├── os-tmpdir@1.0.1
80 silly idealTree ├── pako@0.2.8
80 silly idealTree ├── param-case@1.1.2
80 silly idealTree ├── parse-glob@3.0.4
80 silly idealTree ├── parseurl@1.3.1
80 silly idealTree ├── pascal-case@1.1.2
80 silly idealTree ├── path-browserify@0.0.0
80 silly idealTree ├── path-case@1.1.2
80 silly idealTree ├── path-exists@1.0.0
80 silly idealTree ├── path-is-absolute@1.0.0
80 silly idealTree ├── path-to-regexp@0.1.7
80 silly idealTree ├── pbkdf2-compat@2.0.1
80 silly idealTree ├── preserve@0.2.0
80 silly idealTree ├── pretty-error@2.0.0
80 silly idealTree ├── private@0.1.6
80 silly idealTree ├── process-nextick-args@1.0.7
80 silly idealTree ├── process@0.11.5
80 silly idealTree ├── promise@7.1.1
80 silly idealTree ├── proxy-addr@1.0.10
80 silly idealTree ├── prr@0.0.0
80 silly idealTree ├── punycode@1.4.1
80 silly idealTree ├── qs@4.0.0
80 silly idealTree ├── query-string@3.0.3
80 silly idealTree ├── querystring-es3@0.2.1
80 silly idealTree ├── querystring@0.2.0
80 silly idealTree ├── querystringify@0.0.3
80 silly idealTree ├── randomatic@1.1.5
80 silly idealTree ├── range-parser@1.0.3
80 silly idealTree ├── react-bootstrap@0.29.4
80 silly idealTree ├── react-dom@15.1.0
80 silly idealTree ├── react-materialize@0.14.4
80 silly idealTree ├─┬ react-overlays@0.6.3
80 silly idealTree │ └── react-prop-types@0.2.2
80 silly idealTree ├── react-prop-types@0.3.2
80 silly idealTree ├── react-router@2.4.1
80 silly idealTree ├── react@15.1.0
80 silly idealTree ├── readable-stream@1.0.34
80 silly idealTree ├─┬ readdirp@2.0.0
80 silly idealTree │ ├── graceful-fs@4.1.4
80 silly idealTree │ ├── isarray@1.0.0
80 silly idealTree │ ├── minimatch@2.0.10
80 silly idealTree │ └── readable-stream@2.1.4
80 silly idealTree ├── regenerator-runtime@0.9.5
80 silly idealTree ├── regex-cache@0.4.3
80 silly idealTree ├── relateurl@0.2.6
80 silly idealTree ├─┬ renderkid@2.0.0
80 silly idealTree │ └── utila@0.3.3
80 silly idealTree ├── repeat-element@1.1.2
80 silly idealTree ├── repeat-string@1.5.4
80 silly idealTree ├── repeating@1.1.3
80 silly idealTree ├── requires-port@1.0.0
80 silly idealTree ├── right-align@0.1.3
80 silly idealTree ├── rimraf@2.5.2
80 silly idealTree ├── ripemd160@0.2.0
80 silly idealTree ├── send@0.13.1
80 silly idealTree ├── sentence-case@1.1.3
80 silly idealTree ├─┬ serve-index@1.7.3
80 silly idealTree │ ├── accepts@1.2.13
80 silly idealTree │ └── negotiator@0.5.3
80 silly idealTree ├─┬ serve-static@1.10.3
80 silly idealTree │ └── send@0.13.2
80 silly idealTree ├── sha.js@2.2.6
80 silly idealTree ├── shebang-regex@1.0.0
80 silly idealTree ├── slash@1.0.0
80 silly idealTree ├── snake-case@1.1.2
80 silly idealTree ├─┬ sockjs-client@1.1.1
80 silly idealTree │ └── faye-websocket@0.11.0
80 silly idealTree ├── sockjs@0.3.17
80 silly idealTree ├── source-list-map@0.1.6
80 silly idealTree ├─┬ source-map-support@0.2.10
80 silly idealTree │ └── source-map@0.1.32
80 silly idealTree ├── source-map@0.5.6
80 silly idealTree ├── statuses@1.2.1
80 silly idealTree ├── stream-browserify@1.0.0
80 silly idealTree ├── stream-cache@0.0.2
80 silly idealTree ├── stream-consume@0.1.0
80 silly idealTree ├── strict-uri-encode@1.1.0
80 silly idealTree ├── string_decoder@0.10.31
80 silly idealTree ├── strip-ansi@3.0.1
80 silly idealTree ├── supports-color@2.0.0
80 silly idealTree ├── swap-case@1.1.2
80 silly idealTree ├── tapable@0.1.10
80 silly idealTree ├── tar@0.1.20
80 silly idealTree ├── timers-browserify@1.4.2
80 silly idealTree ├── title-case@1.1.2
80 silly idealTree ├── to-fast-properties@1.0.2
80 silly idealTree ├── toposort@1.0.0
80 silly idealTree ├── tty-browserify@0.0.0
80 silly idealTree ├── type-is@1.6.13
80 silly idealTree ├── ua-parser-js@0.7.10
80 silly idealTree ├── uglify-js@2.6.2
80 silly idealTree ├── uglify-to-browserify@1.0.2
80 silly idealTree ├── uncontrollable@3.2.4
80 silly idealTree ├── unpipe@1.0.0
80 silly idealTree ├── upper-case-first@1.1.2
80 silly idealTree ├── upper-case@1.1.3
80 silly idealTree ├── url-parse@1.1.1
80 silly idealTree ├─┬ url@0.10.3
80 silly idealTree │ └── punycode@1.3.2
80 silly idealTree ├── user-home@1.1.1
80 silly idealTree ├── util-deprecate@1.0.2
80 silly idealTree ├── util@0.10.3
80 silly idealTree ├── utila@0.4.0
80 silly idealTree ├── utils-merge@1.0.0
80 silly idealTree ├── uuid@2.0.2
80 silly idealTree ├── vary@1.1.0
80 silly idealTree ├── vm-browserify@0.0.4
80 silly idealTree ├── warning@2.1.0
80 silly idealTree ├─┬ watchpack@0.2.9
80 silly idealTree │ ├── async@0.9.2
80 silly idealTree │ └── graceful-fs@4.1.4
80 silly idealTree ├─┬ webpack-core@0.6.8
80 silly idealTree │ └── source-map@0.4.4
80 silly idealTree ├── webpack-dev-middleware@1.6.1
80 silly idealTree ├─┬ webpack-dev-server@1.14.1
80 silly idealTree │ └── supports-color@3.1.2
80 silly idealTree ├─┬ webpack@1.13.1
80 silly idealTree │ ├── async@1.5.2
80 silly idealTree │ └── supports-color@3.1.2
80 silly idealTree ├── websocket-driver@0.6.5
80 silly idealTree ├── websocket-extensions@0.1.1
80 silly idealTree ├── whatwg-fetch@1.0.0
80 silly idealTree ├── window-size@0.1.0
80 silly idealTree ├── wordwrap@0.0.2
80 silly idealTree ├── wrappy@1.0.2
80 silly idealTree ├── xml-char-classes@1.0.0
80 silly idealTree └── yargs@3.10.0
81 silly generateActionsToTake Starting
82 silly install generateActionsToTake
83 silly generateActionsToTake Finishing
84 silly diffTrees action count 0
85 silly decomposeActions action count 0
86 silly executeActions Starting
87 silly install executeActions
88 silly doSerial global-install 0
89 silly doParallel fetch 0
90 verbose correctMkdir /home/yassin/.npm/_locks correctMkdir not in flight; initializing
91 verbose lock using /home/yassin/.npm/_locks/staging-25c32e1274da148c.lock for /home/yassin/dreidev/tunnel/node_modules/.staging
92 verbose unlock done using /home/yassin/.npm/_locks/staging-25c32e1274da148c.lock for /home/yassin/dreidev/tunnel/node_modules/.staging
93 silly rollbackFailedOptional Starting
94 silly rollbackFailedOptional Finishing
95 silly runTopLevelLifecycles Starting
96 silly runTopLevelLifecycles Finishing
97 silly install printInstalled
98 warn optional Skipping failed optional dependency /chokidar/fsevents:
99 warn notsup Not compatible with your operating system or architecture: fsevents@1.0.12
100 warn @1.0.0 No description
101 warn @1.0.0 No repository field.
102 verbose stack Error: EACCES: permission denied, mkdir '/home/yassin/dreidev/tunnel/node_modules/.staging'
102 verbose stack     at Error (native)
103 verbose cwd /home/yassin/dreidev/tunnel
104 error Linux 4.4.0-24-generic
105 error argv "/home/yassin/.nvm/versions/node/v6.2.1/bin/node" "/home/yassin/.nvm/versions/node/v6.2.1/bin/npm" "i" "--save" "lodash"
106 error node v6.2.1
107 error npm  v3.9.3
108 error path /home/yassin/dreidev/tunnel/node_modules/.staging
109 error code EACCES
110 error errno -13
111 error syscall mkdir
112 error Error: EACCES: permission denied, mkdir '/home/yassin/dreidev/tunnel/node_modules/.staging'
112 error     at Error (native)
112 error  { Error: EACCES: permission denied, mkdir '/home/yassin/dreidev/tunnel/node_modules/.staging'
112 error     at Error (native)
112 error   errno: -13,
112 error   code: 'EACCES',
112 error   syscall: 'mkdir',
112 error   path: '/home/yassin/dreidev/tunnel/node_modules/.staging' }
113 error Please try running this command again as root/Administrator.
114 verbose exit [ -13, true ]
